<?xml version="1.0" encoding="UTF-8"?>
<testsuite xmlns:xsi="http://www.w3.org/2001/XMLSchema-instance" xsi:noNamespaceSchemaLocation="https://maven.apache.org/surefire/maven-surefire-plugin/xsd/surefire-test-report-3.0.xsd" version="3.0" name="com.javaee.exercises.validations.Tester" time="0.353" tests="3" errors="0" skipped="0" failures="0">
  <properties>
    <property name="java.specification.version" value="17"/>
    <property name="sun.cpu.isalist" value="amd64"/>
    <property name="sun.jnu.encoding" value="Cp1252"/>
    <property name="java.class.path" value="E:\ISENspace\M1\S8\JEE\Part2\projects\validations\start\target\test-classes;E:\ISENspace\M1\S8\JEE\Part2\projects\validations\start\target\classes;C:\Users\antho\.m2\repository\org\hibernate\validator\hibernate-validator\7.0.4.Final\hibernate-validator-7.0.4.Final.jar;C:\Users\antho\.m2\repository\jakarta\validation\jakarta.validation-api\3.0.0\jakarta.validation-api-3.0.0.jar;C:\Users\antho\.m2\repository\org\jboss\logging\jboss-logging\3.4.1.Final\jboss-logging-3.4.1.Final.jar;C:\Users\antho\.m2\repository\com\fasterxml\classmate\1.5.1\classmate-1.5.1.jar;C:\Users\antho\.m2\repository\org\glassfish\jakarta.el\4.0.2\jakarta.el-4.0.2.jar;C:\Users\antho\.m2\repository\jakarta\el\jakarta.el-api\4.0.0\jakarta.el-api-4.0.0.jar;C:\Users\antho\.m2\repository\junit\junit\4.12\junit-4.12.jar;C:\Users\antho\.m2\repository\org\hamcrest\hamcrest-core\1.3\hamcrest-core-1.3.jar;"/>
    <property name="java.vm.vendor" value="Eclipse Adoptium"/>
    <property name="sun.arch.data.model" value="64"/>
    <property name="user.variant" value=""/>
    <property name="java.vendor.url" value="https://adoptium.net/"/>
    <property name="user.timezone" value="GMT+01:00"/>
    <property name="os.name" value="Windows 11"/>
    <property name="java.vm.specification.version" value="17"/>
    <property name="sun.java.launcher" value="SUN_STANDARD"/>
    <property name="user.country" value="FR"/>
    <property name="sun.boot.library.path" value="D:\EclipseAdoptium\bin"/>
    <property name="sun.java.command" value="C:\Users\antho\AppData\Local\Temp\surefire1884077322406189904\surefirebooter-20240220105008527_3.jar C:\Users\antho\AppData\Local\Temp\surefire1884077322406189904 2024-02-20T10-50-08_367-jvmRun1 surefire-20240220105008527_1tmp surefire_0-20240220105008527_2tmp"/>
    <property name="jdk.debug" value="release"/>
    <property name="surefire.test.class.path" value="E:\ISENspace\M1\S8\JEE\Part2\projects\validations\start\target\test-classes;E:\ISENspace\M1\S8\JEE\Part2\projects\validations\start\target\classes;C:\Users\antho\.m2\repository\org\hibernate\validator\hibernate-validator\7.0.4.Final\hibernate-validator-7.0.4.Final.jar;C:\Users\antho\.m2\repository\jakarta\validation\jakarta.validation-api\3.0.0\jakarta.validation-api-3.0.0.jar;C:\Users\antho\.m2\repository\org\jboss\logging\jboss-logging\3.4.1.Final\jboss-logging-3.4.1.Final.jar;C:\Users\antho\.m2\repository\com\fasterxml\classmate\1.5.1\classmate-1.5.1.jar;C:\Users\antho\.m2\repository\org\glassfish\jakarta.el\4.0.2\jakarta.el-4.0.2.jar;C:\Users\antho\.m2\repository\jakarta\el\jakarta.el-api\4.0.0\jakarta.el-api-4.0.0.jar;C:\Users\antho\.m2\repository\junit\junit\4.12\junit-4.12.jar;C:\Users\antho\.m2\repository\org\hamcrest\hamcrest-core\1.3\hamcrest-core-1.3.jar;"/>
    <property name="sun.cpu.endian" value="little"/>
    <property name="user.home" value="C:\Users\antho"/>
    <property name="user.language" value="fr"/>
    <property name="java.specification.vendor" value="Oracle Corporation"/>
    <property name="java.version.date" value="2024-01-16"/>
    <property name="java.home" value="D:\EclipseAdoptium"/>
    <property name="file.separator" value="\"/>
    <property name="basedir" value="E:\ISENspace\M1\S8\JEE\Part2\projects\validations\start"/>
    <property name="java.vm.compressedOopsMode" value="Zero based"/>
    <property name="line.separator" value="&#10;"/>
    <property name="java.vm.specification.vendor" value="Oracle Corporation"/>
    <property name="java.specification.name" value="Java Platform API Specification"/>
    <property name="surefire.real.class.path" value="C:\Users\antho\AppData\Local\Temp\surefire1884077322406189904\surefirebooter-20240220105008527_3.jar"/>
    <property name="user.script" value=""/>
    <property name="sun.management.compiler" value="HotSpot 64-Bit Tiered Compilers"/>
    <property name="java.runtime.version" value="17.0.10+7"/>
    <property name="user.name" value="antho"/>
    <property name="path.separator" value=";"/>
    <property name="os.version" value="10.0"/>
    <property name="java.runtime.name" value="OpenJDK Runtime Environment"/>
    <property name="file.encoding" value="Cp1252"/>
    <property name="java.vm.name" value="OpenJDK 64-Bit Server VM"/>
    <property name="java.vendor.version" value="Temurin-17.0.10+7"/>
    <property name="localRepository" value="C:\Users\antho\.m2\repository"/>
    <property name="java.vendor.url.bug" value="https://github.com/adoptium/adoptium-support/issues"/>
    <property name="java.io.tmpdir" value="C:\Users\antho\AppData\Local\Temp\"/>
    <property name="java.version" value="17.0.10"/>
    <property name="user.dir" value="E:\ISENspace\M1\S8\JEE\Part2\projects\validations\start"/>
    <property name="os.arch" value="amd64"/>
    <property name="java.vm.specification.name" value="Java Virtual Machine Specification"/>
    <property name="sun.os.patch.level" value=""/>
    <property name="native.encoding" value="Cp1252"/>
    <property name="java.library.path" value="D:\EclipseAdoptium\bin;C:\Windows\Sun\Java\bin;C:\Windows\system32;C:\Windows;C:\Users\antho\AppData\Local\Microsoft\WindowsApps;D:\VisualStudioCode\bin;C:\Users\antho\AppData\Local\GitHubDesktop\bin;C:\Users\antho\AppData\Roaming\npm;C:\Program Files\Azure Data Studio\bin;D:\apache-maven-3.9.6\bin;D:\EclipseAdoptium\bin;D:\Git\cmd;C:\Users\antho\AppData\Local\Microsoft\WindowsApps;D:\VisualStudioCode\bin;C:\Users\antho\AppData\Local\GitHubDesktop\bin;C:\Users\antho\AppData\Roaming\npm;C:\Program Files\Azure Data Studio\bin;;D:\IntelliJ IDEA 2023.3.4\bin;;."/>
    <property name="java.vm.info" value="mixed mode, sharing"/>
    <property name="java.vendor" value="Eclipse Adoptium"/>
    <property name="java.vm.version" value="17.0.10+7"/>
    <property name="sun.io.unicode.encoding" value="UnicodeLittle"/>
    <property name="java.class.version" value="61.0"/>
  </properties>
  <testcase name="createUserWithoutViolations" classname="com.javaee.exercises.validations.Tester" time="0.28">
    <system-err><![CDATA[fÃ©vr. 20, 2024 10:50:08 AM org.hibernate.validator.internal.util.Version <clinit>
INFO: HV000001: Hibernate Validator 7.0.4.Final
]]></system-err>
  </testcase>
  <testcase name="createUser" classname="com.javaee.exercises.validations.Tester" time="0.021"/>
  <testcase name="createUserWithSetterCalls" classname="com.javaee.exercises.validations.Tester" time="0.007"/>
</testsuite>